<?xml version="1.0" encoding="UTF-8"?>
<!-- Generated by org.testng.reporters.JUnitReportReporter -->
<testsuite name="amazon.tests.Automationpracticesignin" tests="20" time="12.580" ignored="0" failures="0" timestamp="13 Oct 2021 22:48:22 GMT" skipped="0" hostname="DESKTOP-U5UMDT1" errors="0">
  <testcase name="registerbutton" time="2.821" classname="amazon.tests.Automationpracticesignin"/>
  <testcase name="day" time="0.113" classname="amazon.tests.Automationpracticesignin"/>
  <testcase name="Createanaccount2" time="0.274" classname="amazon.tests.Automationpracticesignin"/>
  <testcase name="registerbutton" time="2.102" classname="amazon.tests.Automationpracticesignin"/>
  <testcase name="day" time="0.153" classname="amazon.tests.Automationpracticesignin"/>
  <testcase name="Createanaccount" time="1.360" classname="amazon.tests.Automationpracticesignin"/>
  <testcase name="validatesigninlink" time="1.071" classname="amazon.tests.Automationpracticesignin"/>
  <testcase name="address" time="0.402" classname="amazon.tests.Automationpracticesignin"/>
  <testcase name="validatesigninlink" time="0.885" classname="amazon.tests.Automationpracticesignin"/>
  <testcase name="month" time="0.171" classname="amazon.tests.Automationpracticesignin"/>
  <testcase name="emailaddress" time="0.246" classname="amazon.tests.Automationpracticesignin"/>
  <testcase name="year" time="0.351" classname="amazon.tests.Automationpracticesignin"/>
  <testcase name="mobilephone" time="0.103" classname="amazon.tests.Automationpracticesignin"/>
  <testcase name="Createanaccount2" time="0.246" classname="amazon.tests.Automationpracticesignin"/>
  <testcase name="month" time="0.124" classname="amazon.tests.Automationpracticesignin"/>
  <testcase name="Createanaccount" time="1.212" classname="amazon.tests.Automationpracticesignin"/>
  <testcase name="emailaddress" time="0.178" classname="amazon.tests.Automationpracticesignin"/>
  <testcase name="year" time="0.361" classname="amazon.tests.Automationpracticesignin"/>
  <testcase name="address" time="0.324" classname="amazon.tests.Automationpracticesignin"/>
  <testcase name="mobilephone" time="0.083" classname="amazon.tests.Automationpracticesignin"/>
</testsuite> <!-- amazon.tests.Automationpracticesignin -->
